<?xml version="1.0" encoding="UTF-8"?>
<testng-results ignored="0" total="1" passed="1" failed="0" skipped="0">
  <reporter-output>
  </reporter-output>
  <suite started-at="2023-09-21T13:32:52 IST" name="Suite" finished-at="2023-09-21T13:33:51 IST" duration-ms="59526">
    <groups>
    </groups>
    <test started-at="2023-09-21T13:32:52 IST" name="Functional-Testing Chrome" finished-at="2023-09-21T13:33:51 IST" duration-ms="59526">
      <class name="qa.testScripts.TestMakeMyTrip">
        <test-method is-config="true" signature="setup(java.lang.String,java.lang.String)[pri:0, instance:qa.testScripts.TestMakeMyTrip@3d51f06e]" started-at="2023-09-21T13:32:52 IST" name="setup" finished-at="2023-09-21T13:33:08 IST" duration-ms="15837" status="PASS">
          <params>
            <param index="0">
              <value>
                <![CDATA[Chrome]]>
              </value>
            </param>
            <param index="1">
              <value>
                <![CDATA[https://www.makemytrip.com/flights/]]>
              </value>
            </param>
          </params>
          <reporter-output>
          </reporter-output>
        </test-method> <!-- setup -->
        <test-method signature="testAssignment()[pri:0, instance:qa.testScripts.TestMakeMyTrip@3d51f06e]" started-at="2023-09-21T13:33:08 IST" name="testAssignment" finished-at="2023-09-21T13:33:51 IST" duration-ms="42802" status="PASS">
          <reporter-output>
          </reporter-output>
        </test-method> <!-- testAssignment -->
        <test-method is-config="true" signature="tearDown()[pri:0, instance:qa.testScripts.TestMakeMyTrip@3d51f06e]" started-at="2023-09-21T13:33:51 IST" name="tearDown" finished-at="2023-09-21T13:33:51 IST" duration-ms="451" status="PASS">
          <reporter-output>
          </reporter-output>
        </test-method> <!-- tearDown -->
      </class> <!-- qa.testScripts.TestMakeMyTrip -->
    </test> <!-- Functional-Testing Chrome -->
  </suite> <!-- Suite -->
</testng-results>
